<?xml version="1.0" encoding="UTF-8"?>
<testsuite name="com.rvbb.food.template.CifServiceTest" tests="4" skipped="0" failures="0" errors="0" timestamp="2022-10-21T07:51:10" hostname="VN_LV00202-N" time="0.819">
  <properties/>
  <testcase name="givenNotExistedBase_whenGetCif_thenReturnEmpty()" classname="com.rvbb.food.template.CifServiceTest" time="0.367"/>
  <testcase name="givenUser_whenGetCif_thenReturnManyCifs()" classname="com.rvbb.food.template.CifServiceTest" time="0.145"/>
  <testcase name="givenCifRequest_whenAddCif_thenCreateNewOne()" classname="com.rvbb.food.template.CifServiceTest" time="0.163"/>
  <testcase name="givenVCB_whenGetCif_thenReturnOneCif()" classname="com.rvbb.food.template.CifServiceTest" time="0.14"/>
  <system-out><![CDATA[2022-10-21 14:51:04 WARN  o.s.b.t.j.DuplicateJsonObjectContextCustomizerFactory$DuplicateJsonObjectContextCustomizer:78 - 

Found multiple occurrences of org.json.JSONObject on the class path:

	jar:file:/usr/local/Cellar/gradle/7.4.1/caches/modules-2/files-2.1/org.json/json/20220924/5aa95e7688f76c664af205c5937620f02688dfbc/json-20220924.jar!/org/json/JSONObject.class
	jar:file:/usr/local/Cellar/gradle/7.4.1/caches/modules-2/files-2.1/com.vaadin.external.google/android-json/0.0.20131108.vaadin1/fa26d351fe62a6a17f5cda1287c1c6110dec413f/android-json-0.0.20131108.vaadin1.jar!/org/json/JSONObject.class

You may wish to exclude one of them to ensure predictable runtime behavior

2022-10-21 14:51:04 INFO  o.h.v.i.u.Version:21 - HV000001: Hibernate Validator 7.0.5.Final
2022-10-21 14:51:04 INFO  c.r.f.t.CifServiceTest:55 - Starting CifServiceTest using Java 18.0.2 on VN_LV00202-N with PID 63341 (started by nguyenvanhoang in /Users/nguyenvanhoang/code/learn/template-service-3.0)
2022-10-21 14:51:04 DEBUG c.r.f.t.CifServiceTest:56 - Running with Spring Boot v3.0.0-M5, Spring v6.0.0-M6
2022-10-21 14:51:04 INFO  c.r.f.t.CifServiceTest:651 - No active profile set, falling back to 1 default profile: "default"
2022-10-21 14:51:06 INFO  o.h.j.i.u.LogHelper:31 - HHH000204: Processing PersistenceUnitInfo [name: default]
2022-10-21 14:51:06 INFO  o.h.Version:44 - HHH000412: Hibernate ORM core version 6.1.3.Final
2022-10-21 14:51:06 WARN  o.h.o.deprecation:626 - HHH90000021: Encountered deprecated setting [javax.persistence.sharedCache.mode], use [jakarta.persistence.sharedCache.mode] instead
2022-10-21 14:51:06 INFO  SQL dialect:66 - HHH000400: Using dialect: org.hibernate.dialect.PostgreSQLDialect
2022-10-21 14:51:07 INFO  c.z.h.HikariDataSource:110 - HikariPool-1 - Starting...
2022-10-21 14:51:07 INFO  c.z.h.p.HikariPool:565 - HikariPool-1 - Added connection org.postgresql.jdbc.PgConnection@b0d4873
2022-10-21 14:51:07 INFO  c.z.h.HikariDataSource:123 - HikariPool-1 - Start completed.
2022-10-21 14:51:07 INFO  o.h.e.t.j.p.i.JtaPlatformInitiator:51 - HHH000490: Using JtaPlatform implementation: [org.hibernate.engine.transaction.jta.platform.internal.NoJtaPlatform]
2022-10-21 14:51:08 WARN  o.s.b.a.o.j.JpaBaseConfiguration$JpaWebConfiguration:227 - spring.jpa.open-in-view is enabled by default. Therefore, database queries may be performed during view rendering. Explicitly configure spring.jpa.open-in-view to disable this warning
2022-10-21 14:51:10 INFO  c.r.f.t.CifServiceTest:61 - Started CifServiceTest in 5.95 seconds (process running for 7.25)
2022-10-21 14:51:10 INFO  c.r.f.t.c.LoggerConfig:32 - API = http://localhost:80
2022-10-21 14:51:10 DEBUG c.r.f.t.s.a.CifClient:72 - [CifClient#getCif] ---> GET http://localhost:20210/customer/cif?base=not%20existence HTTP/1.1
2022-10-21 14:51:10 DEBUG c.r.f.t.s.a.CifClient:72 - [CifClient#getCif] Content-Type: application/json
2022-10-21 14:51:10 DEBUG c.r.f.t.s.a.CifClient:72 - [CifClient#getCif] ---> END HTTP (0-byte body)
2022-10-21 14:51:10 DEBUG c.r.f.t.s.a.CifClient:72 - [CifClient#getCif] <--- HTTP/1.1 200 OK (137ms)
2022-10-21 14:51:10 DEBUG c.r.f.t.s.a.CifClient:72 - [CifClient#getCif] cache-control: no-cache, no-store, max-age=0, must-revalidate
2022-10-21 14:51:10 DEBUG c.r.f.t.s.a.CifClient:72 - [CifClient#getCif] connection: close
2022-10-21 14:51:10 DEBUG c.r.f.t.s.a.CifClient:72 - [CifClient#getCif] content-type: application/json;charset=UTF-8
2022-10-21 14:51:10 DEBUG c.r.f.t.s.a.CifClient:72 - [CifClient#getCif] date: Sun, 14 Apr 2019 14:44:10 GMT
2022-10-21 14:51:10 DEBUG c.r.f.t.s.a.CifClient:72 - [CifClient#getCif] expires: 0
2022-10-21 14:51:10 DEBUG c.r.f.t.s.a.CifClient:72 - [CifClient#getCif] pragma: no-cache
2022-10-21 14:51:10 DEBUG c.r.f.t.s.a.CifClient:72 - [CifClient#getCif] transfer-encoding: chunked
2022-10-21 14:51:10 DEBUG c.r.f.t.s.a.CifClient:72 - [CifClient#getCif] x-content-type-options: nosniff
2022-10-21 14:51:10 DEBUG c.r.f.t.s.a.CifClient:72 - [CifClient#getCif] x-frame-options: DENY
2022-10-21 14:51:10 DEBUG c.r.f.t.s.a.CifClient:72 - [CifClient#getCif] x-xss-protection: 1; mode=block
2022-10-21 14:51:10 DEBUG c.r.f.t.s.a.CifClient:72 - [CifClient#getCif] 
2022-10-21 14:51:10 DEBUG c.r.f.t.s.a.CifClient:72 - [CifClient#getCif] []
2022-10-21 14:51:10 DEBUG c.r.f.t.s.a.CifClient:72 - [CifClient#getCif] <--- END HTTP (2-byte body)
2022-10-21 14:51:10 INFO  c.r.f.t.c.LoggerConfig:32 - API = http://localhost:80
2022-10-21 14:51:10 DEBUG c.r.f.t.s.a.CifClient:72 - [CifClient#getCif] ---> GET http://localhost:20210/customer/cif?base=Users HTTP/1.1
2022-10-21 14:51:10 DEBUG c.r.f.t.s.a.CifClient:72 - [CifClient#getCif] Content-Type: application/json
2022-10-21 14:51:10 DEBUG c.r.f.t.s.a.CifClient:72 - [CifClient#getCif] ---> END HTTP (0-byte body)
2022-10-21 14:51:10 DEBUG c.r.f.t.s.a.CifClient:72 - [CifClient#getCif] <--- HTTP/1.1 200 OK (132ms)
2022-10-21 14:51:10 DEBUG c.r.f.t.s.a.CifClient:72 - [CifClient#getCif] cache-control: no-cache, no-store, max-age=0, must-revalidate
2022-10-21 14:51:10 DEBUG c.r.f.t.s.a.CifClient:72 - [CifClient#getCif] connection: close
2022-10-21 14:51:10 DEBUG c.r.f.t.s.a.CifClient:72 - [CifClient#getCif] content-type: application/json;charset=UTF-8
2022-10-21 14:51:10 DEBUG c.r.f.t.s.a.CifClient:72 - [CifClient#getCif] date: Sun, 14 Apr 2019 14:44:10 GMT
2022-10-21 14:51:10 DEBUG c.r.f.t.s.a.CifClient:72 - [CifClient#getCif] expires: 0
2022-10-21 14:51:10 DEBUG c.r.f.t.s.a.CifClient:72 - [CifClient#getCif] pragma: no-cache
2022-10-21 14:51:10 DEBUG c.r.f.t.s.a.CifClient:72 - [CifClient#getCif] transfer-encoding: chunked
2022-10-21 14:51:10 DEBUG c.r.f.t.s.a.CifClient:72 - [CifClient#getCif] x-content-type-options: nosniff
2022-10-21 14:51:10 DEBUG c.r.f.t.s.a.CifClient:72 - [CifClient#getCif] x-frame-options: DENY
2022-10-21 14:51:10 DEBUG c.r.f.t.s.a.CifClient:72 - [CifClient#getCif] x-xss-protection: 1; mode=block
2022-10-21 14:51:10 DEBUG c.r.f.t.s.a.CifClient:72 - [CifClient#getCif] 
2022-10-21 14:51:10 DEBUG c.r.f.t.s.a.CifClient:72 - [CifClient#getCif] [
    {
        "_id": "604ee8b4a91a422bfea0dae7",
        "description": "Using credit and loan",
        "base": "User",
        "strict": true,
        "idInjection": false,
        "_class": "webflux.demo.customer.model.Cif"
    },
    {
        "_id": "604ee8b4a91a422bfea0dae8",
        "description": "Using credit and loan 2",
        "base": "User 2",
        "strict": true,
        "idInjection": false,
        "_class": "webflux.demo.customer.model.Cif"
    }
]
2022-10-21 14:51:10 DEBUG c.r.f.t.s.a.CifClient:72 - [CifClient#getCif] <--- END HTTP (474-byte body)
2022-10-21 14:51:10 INFO  c.r.f.t.c.LoggerConfig:32 - API = http://localhost:80
2022-10-21 14:51:10 DEBUG c.r.f.t.s.a.CifClient:72 - [CifClient#createNewCif] ---> POST http://localhost:20210/customer/cif HTTP/1.1
2022-10-21 14:51:10 DEBUG c.r.f.t.s.a.CifClient:72 - [CifClient#createNewCif] Accept: application/json
2022-10-21 14:51:10 DEBUG c.r.f.t.s.a.CifClient:72 - [CifClient#createNewCif] Content-Length: 152
2022-10-21 14:51:10 DEBUG c.r.f.t.s.a.CifClient:72 - [CifClient#createNewCif] Content-Type: application/json
2022-10-21 14:51:10 DEBUG c.r.f.t.s.a.CifClient:72 - [CifClient#createNewCif] 
2022-10-21 14:51:10 DEBUG c.r.f.t.s.a.CifClient:72 - [CifClient#createNewCif] {"description":"UT create cif","base":"Test","strict":true,"idInjection":false,"bankList":[{"id":0,"bankName":"bankname Test","type":1,"created":null}]}
2022-10-21 14:51:10 DEBUG c.r.f.t.s.a.CifClient:72 - [CifClient#createNewCif] ---> END HTTP (152-byte body)
2022-10-21 14:51:10 DEBUG c.r.f.t.s.a.CifClient:72 - [CifClient#createNewCif] <--- HTTP/1.1 201 Created (127ms)
2022-10-21 14:51:10 DEBUG c.r.f.t.s.a.CifClient:72 - [CifClient#createNewCif] cache-control: no-cache, no-store, max-age=0, must-revalidate
2022-10-21 14:51:10 DEBUG c.r.f.t.s.a.CifClient:72 - [CifClient#createNewCif] connection: close
2022-10-21 14:51:10 DEBUG c.r.f.t.s.a.CifClient:72 - [CifClient#createNewCif] content-type: application/json;charset=UTF-8
2022-10-21 14:51:10 DEBUG c.r.f.t.s.a.CifClient:72 - [CifClient#createNewCif] date: Sun, 14 Apr 2019 14:44:10 GMT
2022-10-21 14:51:10 DEBUG c.r.f.t.s.a.CifClient:72 - [CifClient#createNewCif] expires: 0
2022-10-21 14:51:10 DEBUG c.r.f.t.s.a.CifClient:72 - [CifClient#createNewCif] pragma: no-cache
2022-10-21 14:51:10 DEBUG c.r.f.t.s.a.CifClient:72 - [CifClient#createNewCif] transfer-encoding: chunked
2022-10-21 14:51:10 DEBUG c.r.f.t.s.a.CifClient:72 - [CifClient#createNewCif] x-content-type-options: nosniff
2022-10-21 14:51:10 DEBUG c.r.f.t.s.a.CifClient:72 - [CifClient#createNewCif] x-frame-options: DENY
2022-10-21 14:51:10 DEBUG c.r.f.t.s.a.CifClient:72 - [CifClient#createNewCif] x-xss-protection: 1; mode=block
2022-10-21 14:51:10 DEBUG c.r.f.t.s.a.CifClient:72 - [CifClient#createNewCif] 
2022-10-21 14:51:10 DEBUG c.r.f.t.s.a.CifClient:72 - [CifClient#createNewCif] {
    "name": "Customer c",
    "description": "UT create cif",
    "base": "Test",
    "idInjection": false,
    "strict": true,
    "banklist": [
        {
            "bankName": "bankname Test",
            "type": 1
        }
    ]
}
2022-10-21 14:51:10 DEBUG c.r.f.t.s.a.CifClient:72 - [CifClient#createNewCif] <--- END HTTP (238-byte body)
2022-10-21 14:51:10 INFO  c.r.f.t.c.LoggerConfig:32 - API = http://localhost:80
2022-10-21 14:51:10 DEBUG c.r.f.t.s.a.CifClient:72 - [CifClient#getCif] ---> GET http://localhost:20210/customer/cif?base=VCB HTTP/1.1
2022-10-21 14:51:10 DEBUG c.r.f.t.s.a.CifClient:72 - [CifClient#getCif] Content-Type: application/json
2022-10-21 14:51:10 DEBUG c.r.f.t.s.a.CifClient:72 - [CifClient#getCif] ---> END HTTP (0-byte body)
2022-10-21 14:51:11 DEBUG c.r.f.t.s.a.CifClient:72 - [CifClient#getCif] <--- HTTP/1.1 200 OK (130ms)
2022-10-21 14:51:11 DEBUG c.r.f.t.s.a.CifClient:72 - [CifClient#getCif] cache-control: no-cache, no-store, max-age=0, must-revalidate
2022-10-21 14:51:11 DEBUG c.r.f.t.s.a.CifClient:72 - [CifClient#getCif] connection: close
2022-10-21 14:51:11 DEBUG c.r.f.t.s.a.CifClient:72 - [CifClient#getCif] content-type: application/json;charset=UTF-8
2022-10-21 14:51:11 DEBUG c.r.f.t.s.a.CifClient:72 - [CifClient#getCif] date: Sun, 14 Apr 2019 14:44:10 GMT
2022-10-21 14:51:11 DEBUG c.r.f.t.s.a.CifClient:72 - [CifClient#getCif] expires: 0
2022-10-21 14:51:11 DEBUG c.r.f.t.s.a.CifClient:72 - [CifClient#getCif] pragma: no-cache
2022-10-21 14:51:11 DEBUG c.r.f.t.s.a.CifClient:72 - [CifClient#getCif] transfer-encoding: chunked
2022-10-21 14:51:11 DEBUG c.r.f.t.s.a.CifClient:72 - [CifClient#getCif] x-content-type-options: nosniff
2022-10-21 14:51:11 DEBUG c.r.f.t.s.a.CifClient:72 - [CifClient#getCif] x-frame-options: DENY
2022-10-21 14:51:11 DEBUG c.r.f.t.s.a.CifClient:72 - [CifClient#getCif] x-xss-protection: 1; mode=block
2022-10-21 14:51:11 DEBUG c.r.f.t.s.a.CifClient:72 - [CifClient#getCif] 
2022-10-21 14:51:11 DEBUG c.r.f.t.s.a.CifClient:72 - [CifClient#getCif] [
    {
        "_id": "604ee8b4a91a422bfea0dae9",
        "description": "VCB Test get once",
        "base": "VCB",
        "strict": true,
        "idInjection": false,
        "_class": "webflux.demo.customer.model.Cif"
    }
]
2022-10-21 14:51:11 DEBUG c.r.f.t.s.a.CifClient:72 - [CifClient#getCif] <--- END HTTP (231-byte body)
]]></system-out>
  <system-err><![CDATA[]]></system-err>
</testsuite>
